<?xml version="1.0" encoding="UTF-8"?>
<!-- Generated by org.testng.reporters.JUnitReportReporter -->
<testsuite hostname="Mohits-MacBook-Air.local" failures="0" tests="14" name="MohitPardeshi.testSeleniumBasics.TestCases" time="133.653" errors="0" timestamp="2021-06-09T21:14:04 IST" skipped="7">
  <testcase classname="MohitPardeshi.testSeleniumBasics.TestCases" name="selectContinent" time="20.742"/>
  <system-out/>
  <testcase classname="MohitPardeshi.testSeleniumBasics.TestCases" name="selectContinent" time="18.285"/>
  <system-out/>
  <testcase classname="MohitPardeshi.testSeleniumBasics.TestCases" name="selectContinent" time="18.438"/>
  <system-out/>
  <testcase classname="MohitPardeshi.testSeleniumBasics.TestCases" name="selectContinent" time="19.036"/>
  <system-out/>
  <testcase classname="MohitPardeshi.testSeleniumBasics.TestCases" name="selectContinent" time="18.548"/>
  <system-out/>
  <testcase classname="MohitPardeshi.testSeleniumBasics.TestCases" name="selectContinent" time="18.500"/>
  <system-out/>
  <testcase classname="MohitPardeshi.testSeleniumBasics.TestCases" name="selectContinent" time="20.104"/>
  <system-out/>
  <testcase classname="MohitPardeshi.testSeleniumBasics.TestCases" name="clickOnButtonTest">
    <skipped/>
  </testcase> <!-- clickOnButtonTest -->
  <system-out/>
  <testcase classname="MohitPardeshi.testSeleniumBasics.TestCases" name="selectGenderTest">
    <skipped/>
  </testcase> <!-- selectGenderTest -->
  <system-out/>
  <testcase classname="MohitPardeshi.testSeleniumBasics.TestCases" name="clickOnDownloadTest">
    <skipped/>
  </testcase> <!-- clickOnDownloadTest -->
  <system-out/>
  <testcase classname="MohitPardeshi.testSeleniumBasics.TestCases" name="enterFirstLastNameTest">
    <skipped/>
  </testcase> <!-- enterFirstLastNameTest -->
  <system-out/>
  <testcase classname="MohitPardeshi.testSeleniumBasics.TestCases" name="selectYOETest">
    <skipped/>
  </testcase> <!-- selectYOETest -->
  <system-out/>
  <testcase classname="MohitPardeshi.testSeleniumBasics.TestCases" name="selectYOE">
    <skipped/>
  </testcase> <!-- selectYOE -->
  <system-out/>
  <testcase classname="MohitPardeshi.testSeleniumBasics.TestCases" name="selectProfessionTest">
    <skipped/>
  </testcase> <!-- selectProfessionTest -->
  <system-out/>
</testsuite> <!-- MohitPardeshi.testSeleniumBasics.TestCases -->
